e:\documents\cis-660\hw3\hw3_basecode\x64\release\vc141.pdb
e:\documents\cis-660\hw3\hw3_basecode\x64\release\vec.obj
e:\documents\cis-660\hw3\hw3_basecode\x64\release\lsystem_wrap.obj
e:\documents\cis-660\hw3\hw3_basecode\x64\release\lsystem.obj
e:\documents\cis-660\hw3\hw3_basecode\lsystem_wrap.cpp
e:\documents\cis-660\hw3\hw3_basecode\bin\lsystem.py
e:\documents\cis-660\hw3\hw3_basecode\bin\_lsystem.pyd
e:\documents\cis-660\hw3\hw3_basecode\bin\_lsystem.pdb
e:\documents\cis-660\hw3\hw3_basecode\bin\_lsystem.lib
e:\documents\cis-660\hw3\hw3_basecode\bin\_lsystem.exp
e:\documents\cis-660\hw3\hw3_basecode\x64\release\lsystem.tlog\cl.command.1.tlog
e:\documents\cis-660\hw3\hw3_basecode\x64\release\lsystem.tlog\cl.read.1.tlog
e:\documents\cis-660\hw3\hw3_basecode\x64\release\lsystem.tlog\cl.write.1.tlog
e:\documents\cis-660\hw3\hw3_basecode\x64\release\lsystem.tlog\custombuild.command.1.tlog
e:\documents\cis-660\hw3\hw3_basecode\x64\release\lsystem.tlog\custombuild.read.1.tlog
e:\documents\cis-660\hw3\hw3_basecode\x64\release\lsystem.tlog\custombuild.write.1.tlog
e:\documents\cis-660\hw3\hw3_basecode\x64\release\lsystem.tlog\link.command.1.tlog
e:\documents\cis-660\hw3\hw3_basecode\x64\release\lsystem.tlog\link.read.1.tlog
e:\documents\cis-660\hw3\hw3_basecode\x64\release\lsystem.tlog\link.write.1.tlog
e:\documents\cis-660\hw3\hw3_basecode\x64\release\lsystem.tlog\lsystem.write.1u.tlog
